光库科技    52.2
图南股份    69
金雷股份    60
山东赫达    54.5
天顺风能    18.3
朗新科技    37.2
青鸟消防    41.7
伯特利     65.2
中航重机    45.5
中简科技    60
景嘉微     181.3
卫士通     52.6
新莱应材    41.5
电科数字    35
大金重工    46
双环传动    27.8
法拉电子    233.5
钢研高纳    54
鹏辉能源    56.3
新强联     206
拓普集团    60.78
明阳智能    28.3
东方电缆    54
永兴材料    121
中兵红箭    28
国机精工    15.36
正海生物    66
杰赛科技    25.6
鲁阳节能    23
聚光科技    23
江海股份    25
振华科技    107.5
艾华集团    41.5
长高集团    9.5
德赛西威    128
晶澳科技    82
健友股份    37
东方日升    30.7
汉钟精机    27.8
万业企业    32.6
亿嘉和     74.75
水晶光电    17.3
亨通光电    15.6
今世缘     55.2
